<?xml version="1.0" encoding="UTF-8"?>
<!-- Generated by org.testng.reporters.JUnitXMLReporter -->
<testsuite ignored="0" hostname="DESKTOP-R1FF55V" failures="1" tests="1" name="Default test" time="90.153" errors="0" timestamp="2023-10-13T18:44:07 IST">
  <testcase classname="io.cucumber.testng.AbstractTestNGCucumberTests" name="runScenario" time="88.774">
    <failure type="java.lang.IllegalStateException" message="Cannot get a STRING value from a NUMERIC cell">
      <![CDATA[java.lang.IllegalStateException: Cannot get a STRING value from a NUMERIC cell
at org.apache.poi.xssf.usermodel.XSSFCell.typeMismatch(XSSFCell.java:987)
at org.apache.poi.xssf.usermodel.XSSFCell.getRichStringCellValue(XSSFCell.java:336)
at org.apache.poi.xssf.usermodel.XSSFCell.getStringCellValue(XSSFCell.java:280)
at com.uitest.rmt.utils.ReadFromExcel.ReadFromExcelfile(ReadFromExcel.java:73)
at com.uitest.rmt.pageObjects.Pool.SearchPoolPage.getPoolDataFromExcel(SearchPoolPage.java:74)
at com.uitest.rmt.pageObjects.Pool.SearchPoolPage.fillAllDetails(SearchPoolPage.java:62)
at stepDefinations.Pool.SearchPoolStep.User_should_fill_all_the_field_to_search_Pool_Id(SearchPoolStep.java:41)
at ✽.User should fill all the field to search Pool Id(file:///C:/Users/03031V744/Downloads/CT%20GUI/CT%20GUI/RDC_CTUI_Automation/RDC_CTUI_Automation/src/test/java/features/Pool/SearchPool.feature:6)
]]>
    </failure>
  </testcase> <!-- runScenario -->
</testsuite> <!-- Default test -->
